<?xml version="1.0" encoding="UTF-8"?>
<!-- Generated by org.testng.reporters.JUnitReportReporter -->
<testsuite skipped="0" hostname="USER" name="Scripts.TestInvalidLogin" tests="1" failures="0" timestamp="13 Aug 2018 14:53:23 GMT" time="9.259" errors="0">
  <testcase name="invalidLogin" time="9.259" classname="Scripts.TestInvalidLogin"/>
</testsuite> <!-- Scripts.TestInvalidLogin -->
